{"/Users/user/Desktop/projects/apps/react-ci-cd/src/App.css": {"path":"/Users/user/Desktop/projects/apps/react-ci-cd/src/App.css","statementMap":{},"fnMap":{},"branchMap":{},"s":{},"f":{},"b":{},"meta":{"lastBranch":0,"lastFunction":0,"lastStatement":0,"seen":{}}}
,"/Users/user/Desktop/projects/apps/react-ci-cd/src/App.jsx": {"path":"/Users/user/Desktop/projects/apps/react-ci-cd/src/App.jsx","statementMap":{"0":{"start":{"line":4,"column":0},"end":{"line":4,"column":null}},"1":{"start":{"line":5,"column":2},"end":{"line":5,"column":40}},"2":{"start":{"line":5,"column":40},"end":{"line":21,"column":null}},"3":{"start":{"line":18,"column":4},"end":{"line":21,"column":10}},"4":{"start":{"line":20,"column":29},"end":{"line":20,"column":50}},"5":{"start":{"line":21,"column":10},"end":{"line":21,"column":null}},"6":{"start":{"line":21,"column":10},"end":{"line":18,"column":null}}},"fnMap":{"0":{"name":"App","decl":{"start":{"line":4,"column":0},"end":{"line":4,"column":null}},"loc":{"start":{"line":4,"column":0},"end":{"line":21,"column":null}},"line":4},"1":{"name":"(anonymous_1)","decl":{"start":{"line":20,"column":23},"end":{"line":20,"column":29}},"loc":{"start":{"line":20,"column":29},"end":{"line":20,"column":50}},"line":20}},"branchMap":{"0":{"loc":{"start":{"line":5,"column":40},"end":{"line":21,"column":null}},"type":"if","locations":[{"start":{"line":5,"column":40},"end":{"line":21,"column":null}},{"start":{"line":21,"column":10},"end":{"line":21,"column":null}}],"line":5}},"s":{"0":2,"1":2,"2":2,"3":2,"4":1,"5":0,"6":2},"f":{"0":2,"1":1},"b":{"0":[2,0]},"meta":{"lastBranch":1,"lastFunction":2,"lastStatement":7,"seen":{"f:4:0:4:Infinity":0,"s:4:0:4:Infinity":0,"s:5:2:5:40":1,"b:5:40:21:Infinity:21:10:21:Infinity":0,"s:5:40:21:Infinity":2,"s:18:4:21:10":3,"f:20:23:20:29":1,"s:20:29:20:50":4,"s:21:10:21:Infinity":5,"s:21:10:18:Infinity":6}}}
}
